COMENTARIO_EN_LINEA  IDENTIFICADOR  INICIO_FIN_CADENA OPERACION_SUMA INICIO_FIN_CADENA 

VARIABLE  IDENTIFICADOR  TIPO_ENTERO  ASIGNACION  NUMERO_ENTERO FIN_DE_INSTRUCCION 
VARIABLE  IDENTIFICADOR  TIPO_ENTERO  ASIGNACION  NUMERO_ENTERO FIN_DE_INSTRUCCION 
VARIABLE  IDENTIFICADOR  TIPO_ENTERO FIN_DE_INSTRUCCION 
IDENTIFICADOR  ASIGNACION  IDENTIFICADOR  OPERACION_SUMA  IDENTIFICADOR FIN_DE_INSTRUCCION 


COMENTARIO_EN_LINEA  IDENTIFICADOR  INICIO_FIN_CADENA OPERACION_RESTA INICIO_FIN_CADENA 

VARIABLE  IDENTIFICADOR  TIPO_ENTERO  ASIGNACION  NUMERO_ENTERO FIN_DE_INSTRUCCION 
VARIABLE  IDENTIFICADOR  TIPO_ENTERO  ASIGNACION  NUMERO_ENTERO FIN_DE_INSTRUCCION 
VARIABLE  IDENTIFICADOR  TIPO_ENTERO FIN_DE_INSTRUCCION 
IDENTIFICADOR  ASIGNACION  IDENTIFICADOR  OPERACION_RESTA  IDENTIFICADOR FIN_DE_INSTRUCCION 


COMENTARIO_EN_LINEA  IDENTIFICADOR  INICIO_FIN_CADENA OPERACION_MULTIPLICACION INICIO_FIN_CADENA 

VARIABLE  IDENTIFICADOR  TIPO_ENTERO  ASIGNACION  NUMERO_ENTERO FIN_DE_INSTRUCCION 
VARIABLE  IDENTIFICADOR  TIPO_ENTERO  ASIGNACION  NUMERO_ENTERO FIN_DE_INSTRUCCION 
VARIABLE  IDENTIFICADOR  TIPO_ENTERO FIN_DE_INSTRUCCION 
IDENTIFICADOR  ASIGNACION  IDENTIFICADOR  OPERACION_MULTIPLICACION  IDENTIFICADOR FIN_DE_INSTRUCCION 


COMENTARIO_EN_LINEA  IDENTIFICADOR  INICIO_FIN_CADENA OPERACION_DIVISION INICIO_FIN_CADENA 

VARIABLE  IDENTIFICADOR  TIPO_ENTERO  ASIGNACION  NUMERO_ENTERO FIN_DE_INSTRUCCION 
VARIABLE  IDENTIFICADOR  TIPO_ENTERO  ASIGNACION  NUMERO_ENTERO FIN_DE_INSTRUCCION 
VARIABLE  IDENTIFICADOR  TIPO_ENTERO FIN_DE_INSTRUCCION 
IDENTIFICADOR  ASIGNACION  IDENTIFICADOR  OPERACION_DIVISION  IDENTIFICADOR FIN_DE_INSTRUCCION 


COMENTARIO_EN_LINEA  IDENTIFICADOR  INICIO_FIN_CADENA OPERACION_POTENCIA INICIO_FIN_CADENA 

VARIABLE  IDENTIFICADOR  TIPO_ENTERO  ASIGNACION  NUMERO_ENTERO FIN_DE_INSTRUCCION 
VARIABLE  IDENTIFICADOR  TIPO_ENTERO  ASIGNACION  NUMERO_ENTERO FIN_DE_INSTRUCCION 
VARIABLE  IDENTIFICADOR  ASIGNACION  IDENTIFICADOR  OPERACION_POTENCIA  IDENTIFICADOR FIN_DE_INSTRUCCION 


COMENTARIO_EN_LINEA  IDENTIFICADOR  INICIO_FIN_CADENA DISYUNCION_BINARIA INICIO_FIN_CADENA 

VARIABLE  IDENTIFICADOR  TIPO_ENTERO  ASIGNACION  NUMERO_ENTERO FIN_DE_INSTRUCCION 
VARIABLE  IDENTIFICADOR  TIPO_ENTERO  ASIGNACION  NUMERO_ENTERO FIN_DE_INSTRUCCION 
VARIABLE  IDENTIFICADOR  TIPO_ENTERO FIN_DE_INSTRUCCION 
IDENTIFICADOR  ASIGNACION  IDENTIFICADOR  DISYUNCION_BINARIA  IDENTIFICADOR FIN_DE_INSTRUCCION 


COMENTARIO_EN_LINEA  IDENTIFICADOR  INICIO_FIN_CADENA NEGACION_BINARIA INICIO_FIN_CADENA 

VARIABLE  IDENTIFICADOR  TIPO_ENTERO  ASIGNACION  NUMERO_ENTERO FIN_DE_INSTRUCCION 
VARIABLE  IDENTIFICADOR  TIPO_ENTERO FIN_DE_INSTRUCCION 
IDENTIFICADOR  ASIGNACION  NEGACION_BINARIA IDENTIFICADOR FIN_DE_INSTRUCCION 


COMENTARIO_EN_LINEA  IDENTIFICADOR  INICIO_FIN_CADENA CONJUNCION_BINARIA INICIO_FIN_CADENA 

VARIABLE  IDENTIFICADOR  TIPO_ENTERO  ASIGNACION  NUMERO_ENTERO  DISYUNCION_BINARIA  NUMERO_ENTERO FIN_DE_INSTRUCCION 


COMENTARIO_EN_LINEA  IDENTIFICADOR  INICIO_FIN_CADENA LEFT_SHIFTINICIO_FIN_CADENA 

VARIABLE  IDENTIFICADOR  TIPO_ENTERO  ASIGNACION  NUMERO_ENTERO  LEFT_SHIFT NUMERO_ENTERO FIN_DE_INSTRUCCION 


COMENTARIO_EN_LINEA  IDENTIFICADOR  INICIO_FIN_CADENA RIGHT_SHIFTINICIO_FIN_CADENA 

VARIABLE  IDENTIFICADOR  ASIGNACION  NUMERO_ENTERO  RIGHT_SHIFT NUMERO_ENTERO FIN_DE_INSTRUCCION 


COMENTARIO_EN_LINEA  IDENTIFICADOR  INICIO_FIN_CADENA DISYUNCION_EXCLUSIVA_BINARIA INICIO_FIN_CADENA 

VARIABLE  IDENTIFICADOR  TIPO_ENTERO  ASIGNACION  NUMERO_ENTERO  DISYUNCION_EXCLUSIVA_BINARIA  NUMERO_ENTERO FIN_DE_INSTRUCCION 

VARIABLE  IDENTIFICADOR  TIPO_ENTERO  ASIGNACION  NUMERO_ENTERO FIN_DE_INSTRUCCION 
IDENTIFICADOR  ASIGNACION  IDENTIFICADOR  DISYUNCION_EXCLUSIVA_BINARIA  NUMERO_ENTERO FIN_DE_INSTRUCCION 


COMENTARIO_EN_LINEA  IDENTIFICADOR  INICIO_FIN_CADENA FIN_DE_INSTRUCCION INICIO_FIN_CADENA 

SALIDA PARENTESIS_IZQUIERDA INICIO_FIN_CADENA IDENTIFICADOR  IDENTIFICADOR  IDENTIFICADOR  IDENTIFICADOR  IDENTIFICADOR  IDENTIFICADOR  IDENTIFICADOR  IDENTIFICADOR INICIO_FIN_CADENA PARENTESIS_DERECHA FIN_DE_INSTRUCCION 
FIN 


COMENTARIO_EN_LINEA  IDENTIFICADOR  INICIO_FIN_CADENA SEPARACION_VARIABLES INICIO_FIN_CADENA 

VARIABLE  IDENTIFICADOR  TIPO_ENTERO  ASIGNACION  NUMERO_ENTERO SEPARACION_VARIABLES  IDENTIFICADOR  TIPO_ENTERO  ASIGNACION  NUMERO_ENTERO FIN_DE_INSTRUCCION 
IDENTIFICADOR SEPARACION_VARIABLES  IDENTIFICADOR  ASIGNACION  IDENTIFICADOR SEPARACION_VARIABLES  IDENTIFICADOR FIN_DE_INSTRUCCION 


COMENTARIO_EN_LINEA  IDENTIFICADOR  INICIO_FIN_CADENA INICIO INICIO_FIN_CADENA 

CONDICION_INICIO  PARENTESIS_IZQUIERDA VERDADERO PARENTESIS_DERECHA  INICIO 
  SALIDA PARENTESIS_IZQUIERDA INICIO_FIN_CADENA IDENTIFICADOR  IDENTIFICADOR  IDENTIFICADOR  IDENTIFICADOR  IDENTIFICADOR  INICIO_FIN_CARACTER INICIO INICIO_FIN_CARACTER INICIO_FIN_CADENA PARENTESIS_DERECHA FIN_DE_INSTRUCCION 


COMENTARIO_EN_LINEA  IDENTIFICADOR  INICIO_FIN_CADENA INICIO_FIN_CADENA INICIO_FIN_CADENA 

VARIABLE  IDENTIFICADOR  TIPO_CADENA  ASIGNACION  INICIO_FIN_CADENA IDENTIFICADOR INICIO_FIN_CADENA FIN_DE_INSTRUCCION 


COMENTARIO_EN_LINEA  IDENTIFICADOR  INICIO_FIN_CADENA INICIO_FIN_CARACTER INICIO_FIN_CADENA 

VARIABLE  IDENTIFICADOR  TIPO_CARACTER  ASIGNACION  INICIO_FIN_CARACTER IDENTIFICADOR INICIO_FIN_CARACTER FIN_DE_INSTRUCCION 


COMENTARIO_EN_LINEA  IDENTIFICADOR  INICIO_FIN_CADENA PARENTESIS_IZQUIERDA INICIO_FIN_CADENA 

CONDICION_INICIO  PARENTESIS_IZQUIERDA VERDADERO PARENTESIS_DERECHA INICIO 
FIN 


COMENTARIO_EN_LINEA  IDENTIFICADOR  INICIO_FIN_CADENA PARENTESIS_DERECHA INICIO_FIN_CADENA 

CONDICION_INICIO  PARENTESIS_IZQUIERDA VERDADERO PARENTESIS_DERECHA INICIO 
FIN 


COMENTARIO_EN_LINEA  IDENTIFICADOR  INICIO_FIN_CADENA CORCHETE_IZQUIERDA INICIO_FIN_CADENA 

VARIABLE  IDENTIFICADOR CORCHETE_IZQUIERDA CORCHETE_DERECHA  TIPO_ENTERO  ASIGNACION  CORCHETE_IZQUIERDA NUMERO_ENTERO SEPARACION_VARIABLES  NUMERO_ENTERO SEPARACION_VARIABLES  NUMERO_ENTERO SEPARACION_VARIABLES  NUMERO_ENTERO CORCHETE_DERECHA FIN_DE_INSTRUCCION 


COMENTARIO_EN_LINEA  IDENTIFICADOR  INICIO_FIN_CADENA CORCHETE_DERECHA INICIO_FIN_CADENA 

VARIABLE  IDENTIFICADOR CORCHETE_IZQUIERDA CORCHETE_DERECHA  TIPO_ENTERO  ASIGNACION  CORCHETE_IZQUIERDA NUMERO_ENTERO SEPARACION_VARIABLES  NUMERO_ENTERO SEPARACION_VARIABLES  NUMERO_ENTERO SEPARACION_VARIABLES  NUMERO_ENTERO CORCHETE_DERECHA FIN_DE_INSTRUCCION 


COMENTARIO_EN_LINEA  IDENTIFICADOR  INICIO_FIN_CADENA MENOR_QUE INICIO_FIN_CADENA 

VARIABLE  IDENTIFICADOR  TIPO_BOOLEAN  ASIGNACION  NUMERO_ENTERO  MENOR_QUE  NUMERO_ENTERO FIN_DE_INSTRUCCION 


COMENTARIO_EN_LINEA  IDENTIFICADOR  INICIO_FIN_CADENA MAYOR_QUE INICIO_FIN_CADENA 

VARIABLE  IDENTIFICADOR  TIPO_BOOLEAN  ASIGNACION  NUMERO_ENTERO  MAYOR_QUE  NUMERO_ENTERO FIN_DE_INSTRUCCION 


COMENTARIO_EN_LINEA  IDENTIFICADOR  INICIO_FIN_CADENA MAYOR_O_IGUAL_QUE INICIO_FIN_CADENA 

VARIABLE  IDENTIFICADOR  TIPO_BOOLEAN  ASIGNACION  NUMERO_ENTERO  MAYOR_O_IGUAL_QUE  NUMERO_ENTERO FIN_DE_INSTRUCCION 


COMENTARIO_EN_LINEA  IDENTIFICADOR  INICIO_FIN_CADENA MENOR_O_IGUAL_QUE INICIO_FIN_CADENA 

VARIABLE  IDENTIFICADOR  TIPO_BOOLEAN  ASIGNACION  NUMERO_ENTERO  MENOR_O_IGUAL_QUE  NUMERO_ENTERO FIN_DE_INSTRUCCION 


COMENTARIO_EN_LINEA  IDENTIFICADOR  INICIO_FIN_CADENA COMENTARIO_EN_LINEA INICIO_FIN_CADENA 

COMENTARIO_EN_LINEA  IDENTIFICADOR  IDENTIFICADOR  IDENTIFICADOR  IDENTIFICADOR 


COMENTARIO_EN_LINEA  IDENTIFICADOR  INICIO_FIN_CADENA INICIO_FIN_COMENTARIO_EN_BLOQUE INICIO_FIN_CADENA 

INICIO_FIN_COMENTARIO_EN_BLOQUE  IDENTIFICADOR  IDENTIFICADOR  IDENTIFICADOR 
   IDENTIFICADOR  INICIO_FIN_COMENTARIO_EN_BLOQUE 


COMENTARIO_EN_LINEA  IDENTIFICADOR  INICIO_FIN_CADENA ASIGNACION_PROFUNDA INICIO_FIN_CADENA 

VARIABLE  IDENTIFICADOR  TIPO_ENTERO  ASIGNACION  NUMERO_ENTERO FIN_DE_INSTRUCCION 
VARIABLE  IDENTIFICADOR  TIPO_ENTERO  ASIGNACION  NUMERO_ENTERO FIN_DE_INSTRUCCION 
IDENTIFICADOR  ASIGNACION_PROFUNDA  IDENTIFICADOR FIN_DE_INSTRUCCION 


COMENTARIO_EN_LINEA  IDENTIFICADOR  INICIO_FIN_CADENA IGUALDAD INICIO_FIN_CADENA 

VARIABLE  IDENTIFICADOR  TIPO_ENTERO  ASIGNACION  NUMERO_ENTERO FIN_DE_INSTRUCCION 
VARIABLE  IDENTIFICADOR  TIPO_ENTERO  ASIGNACION  NUMERO_ENTERO FIN_DE_INSTRUCCION 
VARIABLE  IDENTIFICADOR  TIPO_BOOLEAN  ASIGNACION  NUMERO_ENTERO  IGUALDAD  NUMERO_ENTERO 


COMENTARIO_EN_LINEA  IDENTIFICADOR  INICIO_FIN_CADENA DESIGUALDAD INICIO_FIN_CADENA 

VARIABLE  IDENTIFICADOR  TIPO_ENTERO  ASIGNACION  NUMERO_ENTERO FIN_DE_INSTRUCCION 
VARIABLE  IDENTIFICADOR  TIPO_ENTERO  ASIGNACION  NUMERO_ENTERO FIN_DE_INSTRUCCION 
VARIABLE  IDENTIFICADOR  TIPO_BOOLEAN  ASIGNACION  NUMERO_ENTERO  DESIGUALDAD  NUMERO_ENTERO 


COMENTARIO_EN_LINEA  IDENTIFICADOR  INICIO_FIN_CADENA INCREMENTO_EN_UNIDAD INICIO_FIN_CADENA 

VARIABLE  IDENTIFICADOR  TIPO_ENTERO  ASIGNACION  NUMERO_ENTERO FIN_DE_INSTRUCCION 
IDENTIFICADOR INCREMENTO_EN_UNIDAD FIN_DE_INSTRUCCION 


COMENTARIO_EN_LINEA  IDENTIFICADOR  INICIO_FIN_CADENA DECREMENTO_EN_UNIDAD INICIO_FIN_CADENA 

VARIABLE  IDENTIFICADOR  ASIGNACION  NUMERO_ENTERO FIN_DE_INSTRUCCION 
IDENTIFICADOR DECREMENTO_EN_UNIDAD FIN_DE_INSTRUCCION 


COMENTARIO_EN_LINEA  IDENTIFICADOR  INICIO_FIN_CADENA CONDICION_UNICA INICIO_FIN_CADENA 

VARIABLE  IDENTIFICADOR  TIPO_ENTERO  ASIGNACION  NUMERO_ENTERO FIN_DE_INSTRUCCION 
PARENTESIS_IZQUIERDA IDENTIFICADOR  MAYOR_QUE  NUMERO_ENTERO PARENTESIS_DERECHA  CONDICION_UNICA  SALIDA PARENTESIS_IZQUIERDA INICIO_FIN_CADENA IDENTIFICADOR  IDENTIFICADOR  IDENTIFICADOR  IDENTIFICADOR  IDENTIFICADOR INICIO_FIN_CADENA PARENTESIS_DERECHA FIN_DE_INSTRUCCION 


COMENTARIO_EN_LINEA  IDENTIFICADOR  INICIO_FIN_CADENA INCREMENTO_DIRECTO INICIO_FIN_CADENA 

VARIABLE  IDENTIFICADOR  TIPO_ENTERO  ASIGNACION  NUMERO_ENTERO FIN_DE_INSTRUCCION 
IDENTIFICADOR  INCREMENTO_DIRECTO  NUMERO_ENTERO FIN_DE_INSTRUCCION  COMENTARIO_EN_LINEA  IDENTIFICADOR  IDENTIFICADOR  IDENTIFICADOR  IDENTIFICADOR  IDENTIFICADOR  NUMERO_ENTERO 


COMENTARIO_EN_LINEA  IDENTIFICADOR  INICIO_FIN_CADENA DECREMENTO_DIRECTO INICIO_FIN_CADENA 

VARIABLE  IDENTIFICADOR  TIPO_ENTERO  ASIGNACION  NUMERO_ENTERO FIN_DE_INSTRUCCION 
IDENTIFICADOR  DECREMENTO_DIRECTO  NUMERO_ENTERO FIN_DE_INSTRUCCION  COMENTARIO_EN_LINEA  IDENTIFICADOR  IDENTIFICADOR  IDENTIFICADOR  IDENTIFICADOR  IDENTIFICADOR  NUMERO_ENTERO 


COMENTARIO_EN_LINEA  IDENTIFICADOR  INICIO_FIN_CADENA MULTIPLICACION_DIRECTA INICIO_FIN_CADENA 

VARIABLE  IDENTIFICADOR  TIPO_ENTERO  ASIGNACION  NUMERO_ENTERO FIN_DE_INSTRUCCION 
IDENTIFICADOR  MULTIPLICACION_DIRECTA  NUMERO_ENTERO FIN_DE_INSTRUCCION  COMENTARIO_EN_LINEA  IDENTIFICADOR  IDENTIFICADOR  IDENTIFICADOR  IDENTIFICADOR  IDENTIFICADOR  NUMERO_ENTERO 


COMENTARIO_EN_LINEA  IDENTIFICADOR  INICIO_FIN_CADENA DIVISION_DIRECTA INICIO_FIN_CADENA 

VARIABLE  IDENTIFICADOR  TIPO_ENTERO  ASIGNACION  NUMERO_ENTERO FIN_DE_INSTRUCCION 
IDENTIFICADOR  DIVISION_DIRECTA  NUMERO_ENTERO FIN_DE_INSTRUCCION  COMENTARIO_EN_LINEA  IDENTIFICADOR  IDENTIFICADOR  IDENTIFICADOR  IDENTIFICADOR  IDENTIFICADOR  NUMERO_ENTERO 

