COMENTARIO_EN_LINEA  IDENTIFICADOR  IDENTIFICADOR  INICIO_FIN_CADENA Y_LOGICO INICIO_FIN_CADENA 

VARIABLE  IDENTIFICADOR  TIPO_BOOLEAN  ASIGNACION  FALSO  Y_LOGICO  VERDADERO FIN_DE_INSTRUCCION  COMENTARIO_EN_LINEA IDENTIFICADOR  IDENTIFICADOR  IDENTIFICADOR  IDENTIFICADOR  IDENTIFICADOR รก IDENTIFICADOR  IDENTIFICADOR  IDENTIFICADOR  FALSO 


COMENTARIO_EN_LINEA  IDENTIFICADOR  IDENTIFICADOR  INICIO_FIN_CADENA TIPO_BOOLEAN INICIO_FIN_CADENA 

VARIABLE  IDENTIFICADOR  TIPO_BOOLEAN FIN_DE_INSTRUCCION 

CONDICION_INICIO  PARENTESIS_IZQUIERDA IDENTIFICADOR  MAYOR_QUE  NUMERO_ENTERO PARENTESIS_DERECHA  INICIO 
  IDENTIFICADOR  ASIGNACION  VERDADERO FIN_DE_INSTRUCCION 


COMENTARIO_EN_LINEA  IDENTIFICADOR  IDENTIFICADOR  INICIO_FIN_CADENA BUCLE_SALIDA INICIO_FIN_CADENA 

BUCLE_WHILE  PARENTESIS_IZQUIERDA VERDADERO PARENTESIS_DERECHA  INICIO 
  BUCLE_SALIDA FIN_DE_INSTRUCCION 
FIN 


COMENTARIO_EN_LINEA  IDENTIFICADOR  IDENTIFICADOR  INICIO_FIN_CADENA TIPO_CARACTER INICIO_FIN_CADENA 

VARIABLE  IDENTIFICADOR  TIPO_CARACTER  ASIGNACION  INICIO_FIN_CARACTER IDENTIFICADOR INICIO_FIN_CARACTER FIN_DE_INSTRUCCION 


COMENTARIO_EN_LINEA  IDENTIFICADOR  IDENTIFICADOR  INICIO_FIN_CADENA BUCLE_CONTINUACION INICIO_FIN_CADENA 

BUCLE_WHILE  PARENTESIS_IZQUIERDA VERDADERO PARENTESIS_DERECHA  INICIO 
  BUCLE_CONTINUACION FIN_DE_INSTRUCCION 
FIN 


COMENTARIO_EN_LINEA  IDENTIFICADOR  IDENTIFICADOR  INICIO_FIN_CADENA TIPO_DOUBLE INICIO_FIN_CADENA 

VARIABLE  IDENTIFICADOR  TIPO_DOUBLE  ASIGNACION  NUMERO_REAL FIN_DE_INSTRUCCION 


COMENTARIO_EN_LINEA  IDENTIFICADOR  IDENTIFICADOR  INICIO_FIN_CADENA CONDICION_SINO INICIO_FIN_CADENA 

VARIABLE  IDENTIFICADOR  TIPO_ENTERO  ASIGNACION  NUMERO_ENTERO FIN_DE_INSTRUCCION 

CONDICION_INICIO  PARENTESIS_IZQUIERDA IDENTIFICADOR PARENTESIS_DERECHA INICIO 
  IDENTIFICADOR  ASIGNACION  NUMERO_ENTERO FIN_DE_INSTRUCCION 
CONDICION_SINO INICIO 
  IDENTIFICADOR  ASIGNACION  NUMERO_ENTERO FIN_DE_INSTRUCCION 
FIN 


COMENTARIO_EN_LINEA  IDENTIFICADOR  IDENTIFICADOR  INICIO_FIN_CADENA FIN INICIO_FIN_CADENA 

CONDICION_INICIO  PARENTESIS_IZQUIERDA NUMERO_ENTERO  MAYOR_QUE  NUMERO_ENTERO PARENTESIS_DERECHA  INICIO 
  SALIDA PARENTESIS_IZQUIERDA INICIO_FIN_CADENA IDENTIFICADOR  IDENTIFICADOR INICIO_FIN_CADENA PARENTESIS_DERECHA FIN_DE_INSTRUCCION 
FIN 


COMENTARIO_EN_LINEA  IDENTIFICADOR  IDENTIFICADOR  INICIO_FIN_CADENA FALSO INICIO_FIN_CADENA 

BUCLE_WHILE  PARENTESIS_IZQUIERDA FALSO PARENTESIS_DERECHA INICIO 
  BUCLE_SALIDA FIN_DE_INSTRUCCION 
FIN 


COMENTARIO_EN_LINEA  IDENTIFICADOR  IDENTIFICADOR  INICIO_FIN_CADENA BUCLE_FOR INICIO_FIN_CADENA 

BUCLE_FOR  PARENTESIS_IZQUIERDA VARIABLE  IDENTIFICADOR  TIPO_ENTERO  ASIGNACION  NUMERO_ENTERO FIN_DE_INSTRUCCION  FALSO  FIN_DE_INSTRUCCION  IDENTIFICADOR INCREMENTO_EN_UNIDAD PARENTESIS_DERECHA INICIO 
  BUCLE_SALIDA FIN_DE_INSTRUCCION 
FIN 


COMENTARIO_EN_LINEA  IDENTIFICADOR  IDENTIFICADOR  INICIO_FIN_CADENA FUNCION_INICIO INICIO_FIN_CADENA 

FUNCION_INICIO  IDENTIFICADOR PARENTESIS_IZQUIERDA TIPO_ENTERO  IDENTIFICADOR SEPARACION_VARIABLES  TIPO_ENTERO  IDENTIFICADOR PARENTESIS_DERECHA  OPERACION_RESTA MAYOR_QUE  TIPO_ENTERO INICIO 
  FUNCION_RETORNO  IDENTIFICADOR OPERACION_SUMA IDENTIFICADOR FIN_DE_INSTRUCCION 
FIN 


COMENTARIO_EN_LINEA  IDENTIFICADOR  IDENTIFICADOR  INICIO_FIN_CADENA CONDICION_INICIO INICIO_FIN_CADENA 

CONDICION_INICIO  PARENTESIS_IZQUIERDA VERDADERO PARENTESIS_DERECHA  INICIO 
  SALIDA PARENTESIS_IZQUIERDA INICIO_FIN_CADENA IDENTIFICADOR  IDENTIFICADOR !INICIO_FIN_CADENA PARENTESIS_DERECHA FIN_DE_INSTRUCCION 


COMENTARIO_EN_LINEA  IDENTIFICADOR  IDENTIFICADOR  INICIO_FIN_CADENA ENTRADA INICIO_FIN_CADENA 

VARIABLE  IDENTIFICADOR  TIPO_ENTERO  ASIGNACION  ENTRADA PARENTESIS_IZQUIERDA PARENTESIS_DERECHA FIN_DE_INSTRUCCION 


COMENTARIO_EN_LINEA  IDENTIFICADOR  IDENTIFICADOR  INICIO_FIN_CADENA TIPO_ENTERO INICIO_FIN_CADENA 

VARIABLE  IDENTIFICADOR  TIPO_ENTERO  ASIGNACION  NUMERO_ENTERO FIN_DE_INSTRUCCION 


COMENTARIO_EN_LINEA  IDENTIFICADOR  IDENTIFICADOR  INICIO_FIN_CADENA OPERACION_MODULAR INICIO_FIN_CADENA 

VARIABLE  IDENTIFICADOR  TIPO_ENTERO  ASIGNACION  NUMERO_ENTERO FIN_DE_INSTRUCCION 

BUCLE_WHILE  PARENTESIS_IZQUIERDA PARENTESIS_IZQUIERDA IDENTIFICADOR  OPERACION_MODULAR  NUMERO_ENTERO PARENTESIS_DERECHA  IGUALDAD  NUMERO_ENTERO PARENTESIS_DERECHA  INICIO 
  CONDICION_INICIO  PARENTESIS_IZQUIERDA IDENTIFICADOR  MENOR_QUE  NUMERO_ENTERO PARENTESIS_DERECHA  INICIO 
    BUCLE_SALIDA FIN_DE_INSTRUCCION 
  FIN 
  IDENTIFICADOR  DIVISION_DIRECTA  NUMERO_ENTERO FIN_DE_INSTRUCCION 


COMENTARIO_EN_LINEA  IDENTIFICADOR  IDENTIFICADOR  INICIO_FIN_CADENA NEGACION_LOGICA INICIO_FIN_CADENA 

VARIABLE  IDENTIFICADOR  TIPO_BOOLEAN  ASIGNACION  NEGACION_LOGICA  VERDADERO FIN_DE_INSTRUCCION   COMENTARIO_EN_LINEA  IDENTIFICADOR  IDENTIFICADOR  IDENTIFICADOR  IDENTIFICADOR  IDENTIFICADOR  FALSO 


COMENTARIO_EN_LINEA  IDENTIFICADOR  IDENTIFICADOR  INICIO_FIN_CADENA O_LOGICO INICIO_FIN_CADENA 

VARIABLE  IDENTIFICADOR  TIPO_BOOLEAN  ASIGNACION  VERDADERO  O_LOGICO  FALSO FIN_DE_INSTRUCCION  COMENTARIO_EN_LINEA  IDENTIFICADOR  IDENTIFICADOR  IDENTIFICADOR  IDENTIFICADOR  IDENTIFICADOR  VERDADERO 


COMENTARIO_EN_LINEA  IDENTIFICADOR  IDENTIFICADOR  INICIO_FIN_CADENA SALIDA INICIO_FIN_CADENA 

VARIABLE  IDENTIFICADOR  TIPO_ENTERO  ASIGNACION  NUMERO_ENTERO FIN_DE_INSTRUCCION 
SALIDA PARENTESIS_IZQUIERDA IDENTIFICADOR PARENTESIS_DERECHA FIN_DE_INSTRUCCION 


COMENTARIO_EN_LINEA  IDENTIFICADOR  IDENTIFICADOR  INICIO_FIN_CADENA FUNCION_RETORNO INICIO_FIN_CADENA 

FUNCION_INICIO  IDENTIFICADOR PARENTESIS_IZQUIERDA TIPO_ENTERO  IDENTIFICADOR SEPARACION_VARIABLES  TIPO_ENTERO  IDENTIFICADOR PARENTESIS_DERECHA  OPERACION_RESTA MAYOR_QUE  TIPO_ENTERO INICIO 
  FUNCION_RETORNO  IDENTIFICADOR OPERACION_SUMA IDENTIFICADOR FIN_DE_INSTRUCCION 
FIN 


COMENTARIO_EN_LINEA  IDENTIFICADOR  IDENTIFICADOR  INICIO_FIN_CADENA TIPO_CADENA INICIO_FIN_CADENA 

VARIABLE  IDENTIFICADOR  TIPO_CADENA  ASIGNACION  INICIO_FIN_CADENA NUMERO_ENTERO INICIO_FIN_CADENA FIN_DE_INSTRUCCION 


COMENTARIO_EN_LINEA  IDENTIFICADOR  IDENTIFICADOR  INICIO_FIN_CADENA VERDADERO INICIO_FIN_CADENA 

VARIABLE  IDENTIFICADOR  TIPO_ENTERO  ASIGNACION  NUMERO_ENTERO FIN_DE_INSTRUCCION 
VARIABLE  IDENTIFICADOR  TIPO_ENTERO  ASIGNACION  NUMERO_ENTERO FIN_DE_INSTRUCCION 
BUCLE_WHILE  PARENTESIS_IZQUIERDA VERDADERO PARENTESIS_DERECHA  INICIO 
  CONDICION_INICIO  PARENTESIS_IZQUIERDA IDENTIFICADOR  MAYOR_QUE  NUMERO_ENTERO PARENTESIS_DERECHA INICIO 
    BUCLE_SALIDA FIN_DE_INSTRUCCION 
  FIN 
  IDENTIFICADOR INCREMENTO_EN_UNIDAD FIN_DE_INSTRUCCION 
  IDENTIFICADOR INCREMENTO_EN_UNIDAD FIN_DE_INSTRUCCION 
FIN 
SALIDA PARENTESIS_IZQUIERDA IDENTIFICADOR PARENTESIS_DERECHA FIN_DE_INSTRUCCION 


COMENTARIO_EN_LINEA  IDENTIFICADOR  IDENTIFICADOR  INICIO_FIN_CADENA VARIABLE INICIO_FIN_CADENA 

VARIABLE  IDENTIFICADOR  TIPO_ENTERO  ASIGNACION  NUMERO_ENTERO FIN_DE_INSTRUCCION 


COMENTARIO_EN_LINEA  IDENTIFICADOR  IDENTIFICADOR  INICIO_FIN_CADENA BUCLE_WHILE INICIO_FIN_CADENA 

BUCLE_WHILE  PARENTESIS_IZQUIERDA VERDADERO PARENTESIS_DERECHA INICIO 
  BUCLE_SALIDA FIN_DE_INSTRUCCION 
FIN 
